2025-03-13 14:24:00 [restartedMain] - Starting ConwayguiApplication using Java 17.0.12 with PID 17480 (C:\Users\Sveva\CartelleDesktop\UNIPA\ISS\ISS_SilviaCarollo_2025\ConwayLifeGUI\conwaygui_ADD_GUI\build\classes\java\main started by Sveva in C:\Users\Sveva\CartelleDesktop\UNIPA\ISS\ISS_SilviaCarollo_2025\ConwayLifeGUI\conwaygui_ADD_GUI)
2025-03-13 14:24:00 [restartedMain] - No active profile set, falling back to 1 default profile: "default"
2025-03-13 14:24:00 [restartedMain] - Devtools property defaults active! Set 'spring.devtools.add-properties' to 'false' to disable
2025-03-13 14:24:00 [restartedMain] - For additional web related logging consider setting the 'logging.level.web' property to 'DEBUG'
2025-03-13 14:24:01 [restartedMain] - Tomcat initialized with port 7110 (http)
2025-03-13 14:24:01 [restartedMain] - Initializing ProtocolHandler ["http-nio-7110"]
2025-03-13 14:24:01 [restartedMain] - Starting service [Tomcat]
2025-03-13 14:24:01 [restartedMain] - Starting Servlet engine: [Apache Tomcat/10.1.34]
2025-03-13 14:24:01 [restartedMain] - Initializing Spring embedded WebApplicationContext
2025-03-13 14:24:01 [restartedMain] - Root WebApplicationContext: initialization completed in 1017 ms
2025-03-13 14:24:01 [restartedMain] - Adding welcome page: class path resource [static/index.html]
2025-03-13 14:24:01 [restartedMain] - LiveReload server is running on port 35729
2025-03-13 14:24:01 [restartedMain] - Starting ProtocolHandler ["http-nio-7110"]
2025-03-13 14:24:01 [restartedMain] - Tomcat started on port 7110 (http) with context path '/'
2025-03-13 14:24:01 [restartedMain] - Started ConwayguiApplication in 1.792 seconds (process running for 2.343)
2025-03-13 14:24:05 [http-nio-7110-exec-1] - Initializing Spring DispatcherServlet 'dispatcherServlet'
2025-03-13 14:24:05 [http-nio-7110-exec-1] - Initializing Servlet 'dispatcherServlet'
2025-03-13 14:24:05 [http-nio-7110-exec-1] - Completed initialization in 0 ms
2025-03-13 14:27:32 [restartedMain] - Starting ConwayguiApplication using Java 17.0.12 with PID 10332 (C:\Users\Sveva\CartelleDesktop\UNIPA\ISS\ISS_SilviaCarollo_2025\ConwayLifeGUI\conwaygui_ADD_GUI\build\classes\java\main started by Sveva in C:\Users\Sveva\CartelleDesktop\UNIPA\ISS\ISS_SilviaCarollo_2025\ConwayLifeGUI\conwaygui_ADD_GUI)
2025-03-13 14:27:32 [restartedMain] - No active profile set, falling back to 1 default profile: "default"
2025-03-13 14:27:32 [restartedMain] - Devtools property defaults active! Set 'spring.devtools.add-properties' to 'false' to disable
2025-03-13 14:27:32 [restartedMain] - For additional web related logging consider setting the 'logging.level.web' property to 'DEBUG'
2025-03-13 14:27:33 [restartedMain] - Tomcat initialized with port 7110 (http)
2025-03-13 14:27:33 [restartedMain] - Initializing ProtocolHandler ["http-nio-7110"]
2025-03-13 14:27:33 [restartedMain] - Starting service [Tomcat]
2025-03-13 14:27:33 [restartedMain] - Starting Servlet engine: [Apache Tomcat/10.1.34]
2025-03-13 14:27:33 [restartedMain] - Initializing Spring embedded WebApplicationContext
2025-03-13 14:27:33 [restartedMain] - Root WebApplicationContext: initialization completed in 1054 ms
2025-03-13 14:27:33 [restartedMain] - Adding welcome page: class path resource [static/index.html]
2025-03-13 14:27:34 [restartedMain] - LiveReload server is running on port 35729
2025-03-13 14:27:34 [restartedMain] - Starting ProtocolHandler ["http-nio-7110"]
2025-03-13 14:27:34 [restartedMain] - Tomcat started on port 7110 (http) with context path '/'
2025-03-13 14:27:34 [restartedMain] - Started ConwayguiApplication in 1.869 seconds (process running for 2.433)
2025-03-13 14:27:36 [http-nio-7110-exec-1] - Initializing Spring DispatcherServlet 'dispatcherServlet'
2025-03-13 14:27:36 [http-nio-7110-exec-1] - Initializing Servlet 'dispatcherServlet'
2025-03-13 14:27:36 [http-nio-7110-exec-1] - Completed initialization in 0 ms
2025-03-13 14:36:02 [restartedMain] - Starting ConwayguiApplication using Java 17.0.12 with PID 4320 (C:\Users\Sveva\CartelleDesktop\UNIPA\ISS\ISS_SilviaCarollo_2025\ConwayLifeGUI\conwaygui_ADD_GUI\build\classes\java\main started by Sveva in C:\Users\Sveva\CartelleDesktop\UNIPA\ISS\ISS_SilviaCarollo_2025\ConwayLifeGUI\conwaygui_ADD_GUI)
2025-03-13 14:36:02 [restartedMain] - No active profile set, falling back to 1 default profile: "default"
2025-03-13 14:36:02 [restartedMain] - Devtools property defaults active! Set 'spring.devtools.add-properties' to 'false' to disable
2025-03-13 14:36:02 [restartedMain] - For additional web related logging consider setting the 'logging.level.web' property to 'DEBUG'
2025-03-13 14:36:03 [restartedMain] - Tomcat initialized with port 7110 (http)
2025-03-13 14:36:03 [restartedMain] - Initializing ProtocolHandler ["http-nio-7110"]
2025-03-13 14:36:03 [restartedMain] - Starting service [Tomcat]
2025-03-13 14:36:03 [restartedMain] - Starting Servlet engine: [Apache Tomcat/10.1.34]
2025-03-13 14:36:03 [restartedMain] - Initializing Spring embedded WebApplicationContext
2025-03-13 14:36:03 [restartedMain] - Root WebApplicationContext: initialization completed in 1036 ms
2025-03-13 14:36:03 [restartedMain] - Adding welcome page: class path resource [static/index.html]
2025-03-13 14:36:03 [restartedMain] - LiveReload server is running on port 35729
2025-03-13 14:36:03 [restartedMain] - Starting ProtocolHandler ["http-nio-7110"]
2025-03-13 14:36:03 [restartedMain] - Tomcat started on port 7110 (http) with context path '/'
2025-03-13 14:36:03 [restartedMain] - Started ConwayguiApplication in 1.832 seconds (process running for 2.346)
2025-03-13 14:36:07 [http-nio-7110-exec-1] - Initializing Spring DispatcherServlet 'dispatcherServlet'
2025-03-13 14:36:07 [http-nio-7110-exec-1] - Initializing Servlet 'dispatcherServlet'
2025-03-13 14:36:07 [http-nio-7110-exec-1] - Completed initialization in 1 ms
2025-03-13 14:55:46 [restartedMain] - Starting ConwayguiApplication using Java 17.0.12 with PID 18232 (C:\Users\Sveva\CartelleDesktop\UNIPA\ISS\ISS_SilviaCarollo_2025\ConwayLifeGUI\conwaygui_ADD_GUI\build\classes\java\main started by Sveva in C:\Users\Sveva\CartelleDesktop\UNIPA\ISS\ISS_SilviaCarollo_2025\ConwayLifeGUI\conwaygui_ADD_GUI)
2025-03-13 14:55:46 [restartedMain] - No active profile set, falling back to 1 default profile: "default"
2025-03-13 14:55:46 [restartedMain] - Devtools property defaults active! Set 'spring.devtools.add-properties' to 'false' to disable
2025-03-13 14:55:46 [restartedMain] - For additional web related logging consider setting the 'logging.level.web' property to 'DEBUG'
2025-03-13 14:55:47 [restartedMain] - Tomcat initialized with port 7110 (http)
2025-03-13 14:55:47 [restartedMain] - Initializing ProtocolHandler ["http-nio-7110"]
2025-03-13 14:55:47 [restartedMain] - Starting service [Tomcat]
2025-03-13 14:55:47 [restartedMain] - Starting Servlet engine: [Apache Tomcat/10.1.34]
2025-03-13 14:55:47 [restartedMain] - Initializing Spring embedded WebApplicationContext
2025-03-13 14:55:47 [restartedMain] - Root WebApplicationContext: initialization completed in 1088 ms
2025-03-13 14:55:47 [restartedMain] - Adding welcome page: class path resource [static/index.html]
2025-03-13 14:55:48 [restartedMain] - LiveReload server is running on port 35729
2025-03-13 14:55:48 [restartedMain] - Starting ProtocolHandler ["http-nio-7110"]
2025-03-13 14:55:48 [restartedMain] - Exception encountered during context initialization - cancelling refresh attempt: org.springframework.context.ApplicationContextException: Failed to start bean 'webServerStartStop'
2025-03-13 14:55:48 [restartedMain] - 

Error starting ApplicationContext. To display the condition evaluation report re-run your application with 'debug' enabled.
2025-03-13 14:55:48 [restartedMain] - 

***************************
APPLICATION FAILED TO START
***************************

Description:

Web server failed to start. Port 7110 was already in use.

Action:

Identify and stop the process that's listening on port 7110 or configure this application to listen on another port.

2025-03-13 14:56:28 [restartedMain] - Starting ConwayguiApplication using Java 17.0.12 with PID 17052 (C:\Users\Sveva\CartelleDesktop\UNIPA\ISS\ISS_SilviaCarollo_2025\ConwayLifeGUI\conwaygui_ADD_GUI\build\classes\java\main started by Sveva in C:\Users\Sveva\CartelleDesktop\UNIPA\ISS\ISS_SilviaCarollo_2025\ConwayLifeGUI\conwaygui_ADD_GUI)
2025-03-13 14:56:28 [restartedMain] - No active profile set, falling back to 1 default profile: "default"
2025-03-13 14:56:28 [restartedMain] - Devtools property defaults active! Set 'spring.devtools.add-properties' to 'false' to disable
2025-03-13 14:56:28 [restartedMain] - For additional web related logging consider setting the 'logging.level.web' property to 'DEBUG'
2025-03-13 14:56:29 [restartedMain] - Tomcat initialized with port 7110 (http)
2025-03-13 14:56:29 [restartedMain] - Initializing ProtocolHandler ["http-nio-7110"]
2025-03-13 14:56:29 [restartedMain] - Starting service [Tomcat]
2025-03-13 14:56:29 [restartedMain] - Starting Servlet engine: [Apache Tomcat/10.1.34]
2025-03-13 14:56:29 [restartedMain] - Initializing Spring embedded WebApplicationContext
2025-03-13 14:56:29 [restartedMain] - Root WebApplicationContext: initialization completed in 1032 ms
2025-03-13 14:56:29 [restartedMain] - Adding welcome page: class path resource [static/index.html]
2025-03-13 14:56:29 [restartedMain] - LiveReload server is running on port 35729
2025-03-13 14:56:29 [restartedMain] - Starting ProtocolHandler ["http-nio-7110"]
2025-03-13 14:56:29 [restartedMain] - Exception encountered during context initialization - cancelling refresh attempt: org.springframework.context.ApplicationContextException: Failed to start bean 'webServerStartStop'
2025-03-13 14:56:29 [restartedMain] - 

Error starting ApplicationContext. To display the condition evaluation report re-run your application with 'debug' enabled.
2025-03-13 14:56:29 [restartedMain] - 

***************************
APPLICATION FAILED TO START
***************************

Description:

Web server failed to start. Port 7110 was already in use.

Action:

Identify and stop the process that's listening on port 7110 or configure this application to listen on another port.

2025-03-13 14:58:09 [restartedMain] - Starting ConwayguiApplication using Java 17.0.12 with PID 2544 (C:\Users\Sveva\CartelleDesktop\UNIPA\ISS\ISS_SilviaCarollo_2025\ConwayLifeGUI\conwaygui_ADD_GUI\build\classes\java\main started by Sveva in C:\Users\Sveva\CartelleDesktop\UNIPA\ISS\ISS_SilviaCarollo_2025\ConwayLifeGUI\conwaygui_ADD_GUI)
2025-03-13 14:58:09 [restartedMain] - No active profile set, falling back to 1 default profile: "default"
2025-03-13 14:58:09 [restartedMain] - Devtools property defaults active! Set 'spring.devtools.add-properties' to 'false' to disable
2025-03-13 14:58:09 [restartedMain] - For additional web related logging consider setting the 'logging.level.web' property to 'DEBUG'
2025-03-13 14:58:10 [restartedMain] - Tomcat initialized with port 7110 (http)
2025-03-13 14:58:10 [restartedMain] - Initializing ProtocolHandler ["http-nio-7110"]
2025-03-13 14:58:10 [restartedMain] - Starting service [Tomcat]
2025-03-13 14:58:10 [restartedMain] - Starting Servlet engine: [Apache Tomcat/10.1.34]
2025-03-13 14:58:10 [restartedMain] - Initializing Spring embedded WebApplicationContext
2025-03-13 14:58:10 [restartedMain] - Root WebApplicationContext: initialization completed in 1049 ms
2025-03-13 14:58:10 [restartedMain] - Adding welcome page: class path resource [static/index.html]
2025-03-13 14:58:10 [restartedMain] - LiveReload server is running on port 35729
2025-03-13 14:58:10 [restartedMain] - Starting ProtocolHandler ["http-nio-7110"]
2025-03-13 14:58:10 [restartedMain] - Exception encountered during context initialization - cancelling refresh attempt: org.springframework.context.ApplicationContextException: Failed to start bean 'webServerStartStop'
2025-03-13 14:58:10 [restartedMain] - 

Error starting ApplicationContext. To display the condition evaluation report re-run your application with 'debug' enabled.
2025-03-13 14:58:10 [restartedMain] - 

***************************
APPLICATION FAILED TO START
***************************

Description:

Web server failed to start. Port 7110 was already in use.

Action:

Identify and stop the process that's listening on port 7110 or configure this application to listen on another port.

2025-03-13 15:07:17 [restartedMain] - Starting ConwayguiApplication using Java 17.0.12 with PID 17632 (C:\Users\Sveva\CartelleDesktop\UNIPA\ISS\ISS_SilviaCarollo_2025\ConwayLifeGUI\conwaygui_ADD_GUI\build\classes\java\main started by Sveva in C:\Users\Sveva\CartelleDesktop\UNIPA\ISS\ISS_SilviaCarollo_2025\ConwayLifeGUI\conwaygui_ADD_GUI)
2025-03-13 15:07:17 [restartedMain] - No active profile set, falling back to 1 default profile: "default"
2025-03-13 15:07:17 [restartedMain] - Devtools property defaults active! Set 'spring.devtools.add-properties' to 'false' to disable
2025-03-13 15:07:17 [restartedMain] - For additional web related logging consider setting the 'logging.level.web' property to 'DEBUG'
2025-03-13 15:07:18 [restartedMain] - Tomcat initialized with port 7110 (http)
2025-03-13 15:07:18 [restartedMain] - Initializing ProtocolHandler ["http-nio-7110"]
2025-03-13 15:07:18 [restartedMain] - Starting service [Tomcat]
2025-03-13 15:07:18 [restartedMain] - Starting Servlet engine: [Apache Tomcat/10.1.34]
2025-03-13 15:07:18 [restartedMain] - Initializing Spring embedded WebApplicationContext
2025-03-13 15:07:18 [restartedMain] - Root WebApplicationContext: initialization completed in 1093 ms
2025-03-13 15:07:18 [restartedMain] - Adding welcome page: class path resource [static/index.html]
2025-03-13 15:07:19 [restartedMain] - LiveReload server is running on port 35729
2025-03-13 15:07:19 [restartedMain] - Starting ProtocolHandler ["http-nio-7110"]
2025-03-13 15:07:19 [restartedMain] - Exception encountered during context initialization - cancelling refresh attempt: org.springframework.context.ApplicationContextException: Failed to start bean 'webServerStartStop'
2025-03-13 15:07:19 [restartedMain] - 

Error starting ApplicationContext. To display the condition evaluation report re-run your application with 'debug' enabled.
2025-03-13 15:07:19 [restartedMain] - 

***************************
APPLICATION FAILED TO START
***************************

Description:

Web server failed to start. Port 7110 was already in use.

Action:

Identify and stop the process that's listening on port 7110 or configure this application to listen on another port.

2025-03-13 15:09:46 [restartedMain] - Starting ConwayguiApplication using Java 17.0.12 with PID 14636 (C:\Users\Sveva\CartelleDesktop\UNIPA\ISS\ISS_SilviaCarollo_2025\ConwayLifeGUI\conwaygui_ADD_GUI\build\classes\java\main started by Sveva in C:\Users\Sveva\CartelleDesktop\UNIPA\ISS\ISS_SilviaCarollo_2025\ConwayLifeGUI\conwaygui_ADD_GUI)
2025-03-13 15:09:46 [restartedMain] - No active profile set, falling back to 1 default profile: "default"
2025-03-13 15:09:47 [restartedMain] - Devtools property defaults active! Set 'spring.devtools.add-properties' to 'false' to disable
2025-03-13 15:09:47 [restartedMain] - For additional web related logging consider setting the 'logging.level.web' property to 'DEBUG'
2025-03-13 15:09:47 [restartedMain] - Tomcat initialized with port 7110 (http)
2025-03-13 15:09:47 [restartedMain] - Initializing ProtocolHandler ["http-nio-7110"]
2025-03-13 15:09:48 [restartedMain] - Starting service [Tomcat]
2025-03-13 15:09:48 [restartedMain] - Starting Servlet engine: [Apache Tomcat/10.1.34]
2025-03-13 15:09:48 [restartedMain] - Initializing Spring embedded WebApplicationContext
2025-03-13 15:09:48 [restartedMain] - Root WebApplicationContext: initialization completed in 1050 ms
2025-03-13 15:09:48 [restartedMain] - Adding welcome page: class path resource [static/index.html]
2025-03-13 15:09:48 [restartedMain] - LiveReload server is running on port 35729
2025-03-13 15:09:48 [restartedMain] - Starting ProtocolHandler ["http-nio-7110"]
2025-03-13 15:09:48 [restartedMain] - Exception encountered during context initialization - cancelling refresh attempt: org.springframework.context.ApplicationContextException: Failed to start bean 'webServerStartStop'
2025-03-13 15:09:48 [restartedMain] - 

Error starting ApplicationContext. To display the condition evaluation report re-run your application with 'debug' enabled.
2025-03-13 15:09:48 [restartedMain] - 

***************************
APPLICATION FAILED TO START
***************************

Description:

Web server failed to start. Port 7110 was already in use.

Action:

Identify and stop the process that's listening on port 7110 or configure this application to listen on another port.

2025-03-13 15:11:46 [restartedMain] - Starting ConwayguiApplication using Java 17.0.12 with PID 16332 (C:\Users\Sveva\CartelleDesktop\UNIPA\ISS\ISS_SilviaCarollo_2025\ConwayLifeGUI\conwaygui_ADD_GUI\build\classes\java\main started by Sveva in C:\Users\Sveva\CartelleDesktop\UNIPA\ISS\ISS_SilviaCarollo_2025\ConwayLifeGUI\conwaygui_ADD_GUI)
2025-03-13 15:11:46 [restartedMain] - No active profile set, falling back to 1 default profile: "default"
2025-03-13 15:11:46 [restartedMain] - Devtools property defaults active! Set 'spring.devtools.add-properties' to 'false' to disable
2025-03-13 15:11:46 [restartedMain] - For additional web related logging consider setting the 'logging.level.web' property to 'DEBUG'
2025-03-13 15:11:47 [restartedMain] - Tomcat initialized with port 7110 (http)
2025-03-13 15:11:47 [restartedMain] - Initializing ProtocolHandler ["http-nio-7110"]
2025-03-13 15:11:47 [restartedMain] - Starting service [Tomcat]
2025-03-13 15:11:47 [restartedMain] - Starting Servlet engine: [Apache Tomcat/10.1.34]
2025-03-13 15:11:47 [restartedMain] - Initializing Spring embedded WebApplicationContext
2025-03-13 15:11:47 [restartedMain] - Root WebApplicationContext: initialization completed in 1017 ms
2025-03-13 15:11:47 [restartedMain] - Adding welcome page: class path resource [static/index.html]
2025-03-13 15:11:47 [restartedMain] - LiveReload server is running on port 35729
2025-03-13 15:11:47 [restartedMain] - Starting ProtocolHandler ["http-nio-7110"]
2025-03-13 15:11:47 [restartedMain] - Exception encountered during context initialization - cancelling refresh attempt: org.springframework.context.ApplicationContextException: Failed to start bean 'webServerStartStop'
2025-03-13 15:11:47 [restartedMain] - 

Error starting ApplicationContext. To display the condition evaluation report re-run your application with 'debug' enabled.
2025-03-13 15:11:47 [restartedMain] - 

***************************
APPLICATION FAILED TO START
***************************

Description:

Web server failed to start. Port 7110 was already in use.

Action:

Identify and stop the process that's listening on port 7110 or configure this application to listen on another port.

2025-03-13 15:12:21 [restartedMain] - Starting ConwayguiApplication using Java 17.0.12 with PID 20432 (C:\Users\Sveva\CartelleDesktop\UNIPA\ISS\ISS_SilviaCarollo_2025\ConwayLifeGUI\conwaygui_ADD_GUI\build\classes\java\main started by Sveva in C:\Users\Sveva\CartelleDesktop\UNIPA\ISS\ISS_SilviaCarollo_2025\ConwayLifeGUI\conwaygui_ADD_GUI)
2025-03-13 15:12:21 [restartedMain] - No active profile set, falling back to 1 default profile: "default"
2025-03-13 15:12:21 [restartedMain] - Devtools property defaults active! Set 'spring.devtools.add-properties' to 'false' to disable
2025-03-13 15:12:21 [restartedMain] - For additional web related logging consider setting the 'logging.level.web' property to 'DEBUG'
2025-03-13 15:12:22 [restartedMain] - Tomcat initialized with port 7110 (http)
2025-03-13 15:12:22 [restartedMain] - Initializing ProtocolHandler ["http-nio-7110"]
2025-03-13 15:12:22 [restartedMain] - Starting service [Tomcat]
2025-03-13 15:12:22 [restartedMain] - Starting Servlet engine: [Apache Tomcat/10.1.34]
2025-03-13 15:12:22 [restartedMain] - Initializing Spring embedded WebApplicationContext
2025-03-13 15:12:22 [restartedMain] - Root WebApplicationContext: initialization completed in 1001 ms
2025-03-13 15:12:23 [restartedMain] - Adding welcome page: class path resource [static/index.html]
2025-03-13 15:12:23 [restartedMain] - LiveReload server is running on port 35729
2025-03-13 15:12:23 [restartedMain] - Starting ProtocolHandler ["http-nio-7110"]
2025-03-13 15:12:23 [restartedMain] - Exception encountered during context initialization - cancelling refresh attempt: org.springframework.context.ApplicationContextException: Failed to start bean 'webServerStartStop'
2025-03-13 15:12:23 [restartedMain] - 

Error starting ApplicationContext. To display the condition evaluation report re-run your application with 'debug' enabled.
2025-03-13 15:12:23 [restartedMain] - 

***************************
APPLICATION FAILED TO START
***************************

Description:

Web server failed to start. Port 7110 was already in use.

Action:

Identify and stop the process that's listening on port 7110 or configure this application to listen on another port.

2025-03-13 15:34:40 [restartedMain] - Starting ConwayguiApplication using Java 17.0.12 with PID 1580 (C:\Users\Sveva\CartelleDesktop\UNIPA\ISS\ISS_SilviaCarollo_2025\ConwayLifeGUI\conwaygui_ADD_GUI\bin\main started by Sveva in C:\Users\Sveva\CartelleDesktop\UNIPA\ISS\ISS_SilviaCarollo_2025\ConwayLifeGUI\conwaygui_ADD_GUI)
2025-03-13 15:34:40 [restartedMain] - No active profile set, falling back to 1 default profile: "default"
2025-03-13 15:34:40 [restartedMain] - Devtools property defaults active! Set 'spring.devtools.add-properties' to 'false' to disable
2025-03-13 15:34:40 [restartedMain] - For additional web related logging consider setting the 'logging.level.web' property to 'DEBUG'
2025-03-13 15:34:41 [restartedMain] - Tomcat initialized with port 7110 (http)
2025-03-13 15:34:41 [restartedMain] - Initializing ProtocolHandler ["http-nio-7110"]
2025-03-13 15:34:41 [restartedMain] - Starting service [Tomcat]
2025-03-13 15:34:41 [restartedMain] - Starting Servlet engine: [Apache Tomcat/10.1.34]
2025-03-13 15:34:42 [restartedMain] - Initializing Spring embedded WebApplicationContext
2025-03-13 15:34:42 [restartedMain] - Root WebApplicationContext: initialization completed in 1411 ms
2025-03-13 15:34:42 [restartedMain] - Adding welcome page: class path resource [static/index.html]
2025-03-13 15:34:42 [restartedMain] - LiveReload server is running on port 35729
2025-03-13 15:34:42 [restartedMain] - Starting ProtocolHandler ["http-nio-7110"]
2025-03-13 15:34:42 [restartedMain] - Exception encountered during context initialization - cancelling refresh attempt: org.springframework.context.ApplicationContextException: Failed to start bean 'webServerStartStop'
2025-03-13 15:34:42 [restartedMain] - 

Error starting ApplicationContext. To display the condition evaluation report re-run your application with 'debug' enabled.
2025-03-13 15:34:42 [restartedMain] - 

***************************
APPLICATION FAILED TO START
***************************

Description:

Web server failed to start. Port 7110 was already in use.

Action:

Identify and stop the process that's listening on port 7110 or configure this application to listen on another port.

2025-03-13 15:48:49 [restartedMain] - Starting ConwayguiApplication using Java 17.0.12 with PID 6932 (C:\Users\Sveva\CartelleDesktop\UNIPA\ISS\ISS_SilviaCarollo_2025\ConwayLifeGUI\conwaygui_ADD_GUI\build\classes\java\main started by Sveva in C:\Users\Sveva\CartelleDesktop\UNIPA\ISS\ISS_SilviaCarollo_2025\ConwayLifeGUI\conwaygui_ADD_GUI)
2025-03-13 15:48:49 [restartedMain] - No active profile set, falling back to 1 default profile: "default"
2025-03-13 15:48:49 [restartedMain] - Devtools property defaults active! Set 'spring.devtools.add-properties' to 'false' to disable
2025-03-13 15:48:49 [restartedMain] - For additional web related logging consider setting the 'logging.level.web' property to 'DEBUG'
2025-03-13 15:48:51 [restartedMain] - Tomcat initialized with port 7110 (http)
2025-03-13 15:48:51 [restartedMain] - Initializing ProtocolHandler ["http-nio-7110"]
2025-03-13 15:48:51 [restartedMain] - Starting service [Tomcat]
2025-03-13 15:48:51 [restartedMain] - Starting Servlet engine: [Apache Tomcat/10.1.34]
2025-03-13 15:48:51 [restartedMain] - Initializing Spring embedded WebApplicationContext
2025-03-13 15:48:51 [restartedMain] - Root WebApplicationContext: initialization completed in 2049 ms
2025-03-13 15:48:51 [restartedMain] - Adding welcome page: class path resource [static/index.html]
2025-03-13 15:48:51 [restartedMain] - LiveReload server is running on port 35729
2025-03-13 15:48:51 [restartedMain] - Starting ProtocolHandler ["http-nio-7110"]
2025-03-13 15:48:51 [restartedMain] - Exception encountered during context initialization - cancelling refresh attempt: org.springframework.context.ApplicationContextException: Failed to start bean 'webServerStartStop'
2025-03-13 15:48:51 [restartedMain] - 

Error starting ApplicationContext. To display the condition evaluation report re-run your application with 'debug' enabled.
2025-03-13 15:48:51 [restartedMain] - 

***************************
APPLICATION FAILED TO START
***************************

Description:

Web server failed to start. Port 7110 was already in use.

Action:

Identify and stop the process that's listening on port 7110 or configure this application to listen on another port.

2025-03-13 15:54:00 [restartedMain] - Starting ConwayguiApplication using Java 17.0.12 with PID 9416 (C:\Users\Sveva\CartelleDesktop\UNIPA\ISS\ISS_SilviaCarollo_2025\ConwayLifeGUI\conwaygui_ADD_GUI\build\classes\java\main started by Sveva in C:\Users\Sveva\CartelleDesktop\UNIPA\ISS\ISS_SilviaCarollo_2025\ConwayLifeGUI\conwaygui_ADD_GUI)
2025-03-13 15:54:00 [restartedMain] - No active profile set, falling back to 1 default profile: "default"
2025-03-13 15:54:00 [restartedMain] - Devtools property defaults active! Set 'spring.devtools.add-properties' to 'false' to disable
2025-03-13 15:54:00 [restartedMain] - For additional web related logging consider setting the 'logging.level.web' property to 'DEBUG'
2025-03-13 15:54:01 [restartedMain] - Tomcat initialized with port 7110 (http)
2025-03-13 15:54:01 [restartedMain] - Initializing ProtocolHandler ["http-nio-7110"]
2025-03-13 15:54:01 [restartedMain] - Starting service [Tomcat]
2025-03-13 15:54:01 [restartedMain] - Starting Servlet engine: [Apache Tomcat/10.1.34]
2025-03-13 15:54:01 [restartedMain] - Initializing Spring embedded WebApplicationContext
2025-03-13 15:54:01 [restartedMain] - Root WebApplicationContext: initialization completed in 1728 ms
2025-03-13 15:54:02 [restartedMain] - Adding welcome page: class path resource [static/index.html]
2025-03-13 15:54:02 [restartedMain] - LiveReload server is running on port 35729
2025-03-13 15:54:02 [restartedMain] - Starting ProtocolHandler ["http-nio-7110"]
2025-03-13 15:54:02 [restartedMain] - Exception encountered during context initialization - cancelling refresh attempt: org.springframework.context.ApplicationContextException: Failed to start bean 'webServerStartStop'
2025-03-13 15:54:02 [restartedMain] - 

Error starting ApplicationContext. To display the condition evaluation report re-run your application with 'debug' enabled.
2025-03-13 15:54:02 [restartedMain] - 

***************************
APPLICATION FAILED TO START
***************************

Description:

Web server failed to start. Port 7110 was already in use.

Action:

Identify and stop the process that's listening on port 7110 or configure this application to listen on another port.

2025-03-13 16:00:29 [restartedMain] - Starting ConwayguiApplication using Java 17.0.12 with PID 8952 (C:\Users\Sveva\CartelleDesktop\UNIPA\ISS\ISS_SilviaCarollo_2025\ConwayLifeGUI\conwaygui_ADD_GUI\build\classes\java\main started by Sveva in C:\Users\Sveva\CartelleDesktop\UNIPA\ISS\ISS_SilviaCarollo_2025\ConwayLifeGUI\conwaygui_ADD_GUI)
2025-03-13 16:00:29 [restartedMain] - No active profile set, falling back to 1 default profile: "default"
2025-03-13 16:00:29 [restartedMain] - Devtools property defaults active! Set 'spring.devtools.add-properties' to 'false' to disable
2025-03-13 16:00:29 [restartedMain] - For additional web related logging consider setting the 'logging.level.web' property to 'DEBUG'
2025-03-13 16:00:30 [restartedMain] - Tomcat initialized with port 7110 (http)
2025-03-13 16:00:31 [restartedMain] - Initializing ProtocolHandler ["http-nio-7110"]
2025-03-13 16:00:31 [restartedMain] - Starting service [Tomcat]
2025-03-13 16:00:31 [restartedMain] - Starting Servlet engine: [Apache Tomcat/10.1.34]
2025-03-13 16:00:31 [restartedMain] - Initializing Spring embedded WebApplicationContext
2025-03-13 16:00:31 [restartedMain] - Root WebApplicationContext: initialization completed in 1709 ms
2025-03-13 16:00:31 [restartedMain] - Adding welcome page: class path resource [static/index.html]
2025-03-13 16:00:31 [restartedMain] - LiveReload server is running on port 35729
2025-03-13 16:00:31 [restartedMain] - Starting ProtocolHandler ["http-nio-7110"]
2025-03-13 16:00:31 [restartedMain] - Tomcat started on port 7110 (http) with context path '/'
2025-03-13 16:00:31 [restartedMain] - Started ConwayguiApplication in 2.958 seconds (process running for 3.828)
2025-03-13 16:00:39 [http-nio-7110-exec-1] - Initializing Spring DispatcherServlet 'dispatcherServlet'
2025-03-13 16:00:39 [http-nio-7110-exec-1] - Initializing Servlet 'dispatcherServlet'
2025-03-13 16:00:39 [http-nio-7110-exec-1] - Completed initialization in 1 ms
2025-03-13 16:07:36 [restartedMain] - Starting ConwayguiApplication using Java 17.0.12 with PID 2556 (C:\Users\Sveva\CartelleDesktop\UNIPA\ISS\ISS_SilviaCarollo_2025\ConwayLifeGUI\conwaygui_ADD_GUI\build\classes\java\main started by Sveva in C:\Users\Sveva\CartelleDesktop\UNIPA\ISS\ISS_SilviaCarollo_2025\ConwayLifeGUI\conwaygui_ADD_GUI)
2025-03-13 16:07:36 [restartedMain] - No active profile set, falling back to 1 default profile: "default"
2025-03-13 16:07:36 [restartedMain] - Devtools property defaults active! Set 'spring.devtools.add-properties' to 'false' to disable
2025-03-13 16:07:36 [restartedMain] - For additional web related logging consider setting the 'logging.level.web' property to 'DEBUG'
2025-03-13 16:07:38 [restartedMain] - Tomcat initialized with port 7110 (http)
2025-03-13 16:07:38 [restartedMain] - Initializing ProtocolHandler ["http-nio-7110"]
2025-03-13 16:07:38 [restartedMain] - Starting service [Tomcat]
2025-03-13 16:07:38 [restartedMain] - Starting Servlet engine: [Apache Tomcat/10.1.34]
2025-03-13 16:07:38 [restartedMain] - Initializing Spring embedded WebApplicationContext
2025-03-13 16:07:38 [restartedMain] - Root WebApplicationContext: initialization completed in 2004 ms
2025-03-13 16:07:39 [restartedMain] - Adding welcome page: class path resource [static/index.html]
2025-03-13 16:07:39 [restartedMain] - LiveReload server is running on port 35729
2025-03-13 16:07:39 [restartedMain] - Starting ProtocolHandler ["http-nio-7110"]
2025-03-13 16:07:39 [restartedMain] - Tomcat started on port 7110 (http) with context path '/'
2025-03-13 16:07:39 [restartedMain] - Started ConwayguiApplication in 3.393 seconds (process running for 4.232)
2025-03-13 16:07:51 [http-nio-7110-exec-1] - Initializing Spring DispatcherServlet 'dispatcherServlet'
2025-03-13 16:07:51 [http-nio-7110-exec-1] - Initializing Servlet 'dispatcherServlet'
2025-03-13 16:07:51 [http-nio-7110-exec-1] - Completed initialization in 1 ms
